<?xml version="1.0" encoding="UTF-8"?>
<testng-results ignored="0" total="1" passed="1" failed="0" skipped="0">
  <reporter-output>
  </reporter-output>
  <suite started-at="2023-03-19T11:28:02 IST" name="Default suite" finished-at="2023-03-19T11:28:08 IST" duration-ms="5539">
    <groups>
    </groups>
    <test started-at="2023-03-19T11:28:02 IST" name="Default test" finished-at="2023-03-19T11:28:08 IST" duration-ms="5539">
      <class name="Practicereqres.in.DM2">
        <test-method signature="tco2()[pri:0, instance:Practicereqres.in.DM2@2fd1433e]" started-at="2023-03-19T11:28:02 IST" name="tco2" finished-at="2023-03-19T11:28:07 IST" duration-ms="5428" status="PASS">
          <reporter-output>
          </reporter-output>
        </test-method> <!-- tco2 -->
      </class> <!-- Practicereqres.in.DM2 -->
    </test> <!-- Default test -->
  </suite> <!-- Default suite -->
</testng-results>
